<?xml version="1.0" encoding="UTF-8"?>
<testng-results total="1" passed="1" failed="0" skipped="0">
  <reporter-output>
  </reporter-output>
  <suite started-at="2017-12-31T21:36:18Z" name="Default suite" finished-at="2017-12-31T21:36:41Z" duration-ms="23490">
    <groups>
    </groups>
    <test started-at="2017-12-31T21:36:18Z" name="Default test" finished-at="2017-12-31T21:36:41Z" duration-ms="23490">
      <class name="com.tests.LoginTest">
        <test-method is-config="true" signature="setUpApplication()[pri:0, instance:com.tests.LoginTest@762ef0ea]" started-at="2017-12-31T13:36:18Z" name="setUpApplication" finished-at="2017-12-31T13:36:32Z" duration-ms="13990" status="PASS">
          <reporter-output>
          </reporter-output>
        </test-method> <!-- setUpApplication -->
        <test-method signature="Verify_SuccessfulLoginTest()[pri:0, instance:com.tests.LoginTest@762ef0ea]" started-at="2017-12-31T13:36:32Z" name="Verify_SuccessfulLoginTest" finished-at="2017-12-31T13:36:41Z" duration-ms="9468" status="PASS">
          <reporter-output>
          </reporter-output>
        </test-method> <!-- Verify_SuccessfulLoginTest -->
      </class> <!-- com.tests.LoginTest -->
    </test> <!-- Default test -->
  </suite> <!-- Default suite -->
</testng-results>
